2025-12-13 18:54:47,064 - INFO - Starting Automation Script
2025-12-13 18:54:50,458 - INFO - Navigating to start URL: https://rahulshettyacademy.com/AutomationPractice/
2025-12-13 18:54:51,721 - INFO - Clicking element: radioButton
2025-12-13 18:54:52,985 - INFO - Clicking element: autocomplete
2025-12-13 18:54:53,920 - INFO - Inputting text into: autocomplete
2025-12-13 18:54:54,369 - INFO - Clicking element: dropdown-class-example
2025-12-13 18:54:55,574 - INFO - Selecting value '{val}' in dropdown: dropdown-class-example
2025-12-13 18:54:55,798 - INFO - Clicking element: dropdown-class-example
2025-12-13 18:54:57,005 - INFO - Clicking element: checkBoxOption2
2025-12-13 18:54:57,935 - INFO - Clicking element: name
2025-12-13 18:54:58,886 - INFO - Test Completed Successfully
2025-12-14 01:48:16,814 - INFO - Starting Automation Script
2025-12-14 01:48:18,019 - INFO - Navigating to start URL: https://rahulshettyacademy.com/AutomationPractice/
2025-12-14 01:48:19,188 - INFO - Clicking element: radioButton
2025-12-14 01:48:20,317 - INFO - Clicking element: autocomplete
2025-12-14 01:48:21,196 - INFO - Inputting text into: autocomplete
2025-12-14 01:48:21,522 - INFO - Clicking element: dropdown-class-example
2025-12-14 01:48:22,416 - INFO - Selecting value '{val}' in dropdown: dropdown-class-example
2025-12-14 01:48:22,535 - INFO - Clicking element: dropdown-class-example
2025-12-14 01:48:23,428 - INFO - Clicking element: checkBoxOption2
2025-12-14 01:48:24,297 - INFO - Clicking element: name
2025-12-14 01:48:25,168 - INFO - Test Completed Successfully
2025-12-14 01:51:22,873 - INFO - Starting Automation Script
2025-12-14 01:51:24,578 - INFO - Navigating to start URL: https://rahulshettyacademy.com/AutomationPractice/
2025-12-14 01:51:25,469 - INFO - Clicking element: radioButton
2025-12-14 01:51:26,469 - INFO - Clicking element: autocomplete
2025-12-14 01:51:27,341 - INFO - Inputting text into: autocomplete
2025-12-14 01:51:27,727 - INFO - Clicking element: dropdown-class-example
2025-12-14 01:51:28,624 - INFO - Selecting value '{val}' in dropdown: dropdown-class-example
2025-12-14 01:51:28,738 - INFO - Clicking element: dropdown-class-example
2025-12-14 01:51:29,644 - INFO - Clicking element: checkBoxOption3
2025-12-14 01:51:30,497 - INFO - Test Completed Successfully
